2020/05/21 14:05:03 [emerg] 3772#25968: CreateFile() "C:\Users\좋좋\Desktop\nginx-1.18.0/conf/nginx.conf" failed (1113: No mapping for the Unicode character exists in the target multi-byte code page)
2020/05/21 14:06:24 [emerg] 26272#15648: CreateFile() "C:\Users\좋좋\Desktop\nginx-1.18.0/conf/nginx.conf" failed (1113: No mapping for the Unicode character exists in the target multi-byte code page)
2020/05/21 14:12:25 [emerg] 19184#15176: CreateFile() "C:\Users\좋좋\Desktop\nginx-1.18.0/conf/nginx.conf" failed (1113: No mapping for the Unicode character exists in the target multi-byte code page)
2020/05/21 14:13:05 [emerg] 26004#13828: CreateFile() "C:\Users\좋좋\Desktop\nginx-1.18.0/conf/nginx.conf" failed (1113: No mapping for the Unicode character exists in the target multi-byte code page)
2020/05/21 14:15:14 [error] 11820#25516: *1 CreateFile() "D:\nginx-1.18.0/html/favicon.ico" failed (2: The system cannot find the file specified), client: 127.0.0.1, server: localhost, request: "GET /favicon.ico HTTP/1.1", host: "localhost", referrer: "http://localhost/"
2020/05/21 15:18:57 [emerg] 26828#24388: invalid location modifier "/" in D:\nginx-1.18.0/conf/nginx.conf:47
2020/05/21 15:27:11 [emerg] 24108#19244: invalid location modifier "/" in D:\nginx-1.18.0/conf/nginx.conf:47
2020/05/21 15:27:12 [emerg] 17700#25772: invalid location modifier "/" in D:\nginx-1.18.0/conf/nginx.conf:47
2020/05/21 15:56:31 [emerg] 25128#22804: invalid location modifier "/" in D:\nginx-1.18.0/conf/nginx.conf:47
2020/05/21 15:56:51 [emerg] 26252#25944: invalid location modifier "/" in D:\nginx-1.18.0/conf/nginx.conf:47
2020/05/21 15:56:52 [emerg] 25780#1168: invalid location modifier "/" in D:\nginx-1.18.0/conf/nginx.conf:47
2020/05/21 15:57:09 [emerg] 22648#10736: invalid location modifier "/" in D:\nginx-1.18.0/conf/nginx.conf:47
2020/05/21 15:57:35 [emerg] 9068#17416: invalid location modifier "/" in D:\nginx-1.18.0/conf/nginx.conf:47
2020/05/21 15:57:38 [emerg] 19472#17280: invalid location modifier "/" in D:\nginx-1.18.0/conf/nginx.conf:47
2020/05/21 15:59:07 [notice] 25748#25372: signal process started
2020/05/21 15:59:07 [error] 25748#25372: OpenEvent("Global\ngx_reload_26964") failed (2: The system cannot find the file specified)
2020/05/21 16:00:53 [notice] 3844#25972: signal process started
2020/05/21 16:00:53 [error] 3844#25972: OpenEvent("Global\ngx_reload_26964") failed (2: The system cannot find the file specified)
2020/05/21 16:03:37 [notice] 7128#21464: signal process started
2020/05/21 16:03:42 [notice] 21704#23760: signal process started
2020/06/04 08:55:19 [emerg] 5668#21124: duplicate location "/" in D:\nginx-1.18.0/conf/nginx.conf:47
2020/06/04 09:02:21 [emerg] 11896#7480: duplicate location "/" in D:\nginx-1.18.0/conf/nginx.conf:47
